<?xml version="1.0" encoding="UTF-8"?>
<!-- Generated by org.testng.reporters.JUnitReportReporter -->
<testsuite name="com.testscripts.framework.TestIJW" tests="2" time="47.730" ignored="23" failures="0" timestamp="02 Nov 2021 04:03:11 GMT" skipped="0" hostname="LTIN137680" errors="2">
  <testcase name="TC01_DOORDASH_IJW_LoginLogout" time="25.162" classname="com.testscripts.framework.TestIJW">
    <error type="java.lang.NullPointerException">
      <![CDATA[java.lang.NullPointerException
	at com.configuration.framework.Base.stopWebTest(Base.java:138)
	at com.pageaction.framework.FunctionalComponents.webLoginIJW(FunctionalComponents.java:14314)
	at com.testscripts.framework.TestIJW.TC01_DOORDASH_IJW_LoginLogout(TestIJW.java:48)
	at sun.reflect.NativeMethodAccessorImpl.invoke0(Native Method)
	at sun.reflect.NativeMethodAccessorImpl.invoke(Unknown Source)
	at sun.reflect.DelegatingMethodAccessorImpl.invoke(Unknown Source)
	at java.lang.reflect.Method.invoke(Unknown Source)
	at org.testng.internal.MethodInvocationHelper.invokeMethod(MethodInvocationHelper.java:104)
	at org.testng.internal.Invoker.invokeMethod(Invoker.java:645)
	at org.testng.internal.Invoker.invokeTestMethod(Invoker.java:851)
	at org.testng.internal.Invoker.invokeTestMethods(Invoker.java:1177)
	at org.testng.internal.TestMethodWorker.invokeTestMethods(TestMethodWorker.java:129)
	at org.testng.internal.TestMethodWorker.run(TestMethodWorker.java:112)
	at org.testng.TestRunner.privateRun(TestRunner.java:756)
	at org.testng.TestRunner.run(TestRunner.java:610)
	at org.testng.SuiteRunner.runTest(SuiteRunner.java:387)
	at org.testng.SuiteRunner.runSequentially(SuiteRunner.java:382)
	at org.testng.SuiteRunner.privateRun(SuiteRunner.java:340)
	at org.testng.SuiteRunner.run(SuiteRunner.java:289)
	at org.testng.SuiteRunnerWorker.runSuite(SuiteRunnerWorker.java:52)
	at org.testng.SuiteRunnerWorker.run(SuiteRunnerWorker.java:86)
	at org.testng.TestNG.runSuitesSequentially(TestNG.java:1293)
	at org.testng.TestNG.runSuitesLocally(TestNG.java:1218)
	at org.testng.TestNG.runSuites(TestNG.java:1133)
	at org.testng.TestNG.run(TestNG.java:1104)
	at com.testrunner.framework.TestRunner.main(TestRunner.java:45)
]]>
    </error>
  </testcase> <!-- TC01_DOORDASH_IJW_LoginLogout -->
  <testcase name="TC03_IJW_VERIFY_ADDTOCART" time="22.568" classname="com.testscripts.framework.TestIJW">
    <error type="java.lang.NullPointerException">
      <![CDATA[java.lang.NullPointerException
	at com.configuration.framework.Base.stopWebTest(Base.java:138)
	at com.pageaction.framework.FunctionalComponents.webLoginIJW(FunctionalComponents.java:14314)
	at com.testscripts.framework.TestIJW.TC03_IJW_VERIFY_ADDTOCART(TestIJW.java:60)
	at sun.reflect.NativeMethodAccessorImpl.invoke0(Native Method)
	at sun.reflect.NativeMethodAccessorImpl.invoke(Unknown Source)
	at sun.reflect.DelegatingMethodAccessorImpl.invoke(Unknown Source)
	at java.lang.reflect.Method.invoke(Unknown Source)
	at org.testng.internal.MethodInvocationHelper.invokeMethod(MethodInvocationHelper.java:104)
	at org.testng.internal.Invoker.invokeMethod(Invoker.java:645)
	at org.testng.internal.Invoker.invokeTestMethod(Invoker.java:851)
	at org.testng.internal.Invoker.invokeTestMethods(Invoker.java:1177)
	at org.testng.internal.TestMethodWorker.invokeTestMethods(TestMethodWorker.java:129)
	at org.testng.internal.TestMethodWorker.run(TestMethodWorker.java:112)
	at org.testng.TestRunner.privateRun(TestRunner.java:756)
	at org.testng.TestRunner.run(TestRunner.java:610)
	at org.testng.SuiteRunner.runTest(SuiteRunner.java:387)
	at org.testng.SuiteRunner.runSequentially(SuiteRunner.java:382)
	at org.testng.SuiteRunner.privateRun(SuiteRunner.java:340)
	at org.testng.SuiteRunner.run(SuiteRunner.java:289)
	at org.testng.SuiteRunnerWorker.runSuite(SuiteRunnerWorker.java:52)
	at org.testng.SuiteRunnerWorker.run(SuiteRunnerWorker.java:86)
	at org.testng.TestNG.runSuitesSequentially(TestNG.java:1293)
	at org.testng.TestNG.runSuitesLocally(TestNG.java:1218)
	at org.testng.TestNG.runSuites(TestNG.java:1133)
	at org.testng.TestNG.run(TestNG.java:1104)
	at com.testrunner.framework.TestRunner.main(TestRunner.java:45)
]]>
    </error>
  </testcase> <!-- TC03_IJW_VERIFY_ADDTOCART -->
  <testcase name="TC_DOORDASH_IJW_VERIFY_VIEWORDERS" classname="com.testscripts.framework.TestIJW">
    <skipped/>
  </testcase> <!-- TC_DOORDASH_IJW_VERIFY_VIEWORDERS -->
  <testcase name="TC09_IJW_ValidateMenuPrice" classname="com.testscripts.framework.TestIJW">
    <skipped/>
  </testcase> <!-- TC09_IJW_ValidateMenuPrice -->
  <testcase name="TC07_IJW_ValidateMenuCategory" classname="com.testscripts.framework.TestIJW">
    <skipped/>
  </testcase> <!-- TC07_IJW_ValidateMenuCategory -->
  <testcase name="TC94_IJW_VERIFY_DELIVERY_ORDER_ASAP" classname="com.testscripts.framework.TestIJW">
    <skipped/>
  </testcase> <!-- TC94_IJW_VERIFY_DELIVERY_ORDER_ASAP -->
  <testcase name="TC_DOORDASH_IJW_VERIFY_REORDER" classname="com.testscripts.framework.TestIJW">
    <skipped/>
  </testcase> <!-- TC_DOORDASH_IJW_VERIFY_REORDER -->
  <testcase name="TC_DOORDASH_IJW_VERIFY_REMOVEITEMWHEN_NO_ITEM_BEFORE_CHECKOUT" classname="com.testscripts.framework.TestIJW">
    <skipped/>
  </testcase> <!-- TC_DOORDASH_IJW_VERIFY_REMOVEITEMWHEN_NO_ITEM_BEFORE_CHECKOUT -->
  <testcase name="IJW_VERIFY_DELIVERY_ORDER_ASAP_FOR_2ITEMS" classname="com.testscripts.framework.TestIJW">
    <skipped/>
  </testcase> <!-- IJW_VERIFY_DELIVERY_ORDER_ASAP_FOR_2ITEMS -->
  <testcase name="TC04_IJW_CHROME_VERIFY_Checkout" classname="com.testscripts.framework.TestIJW">
    <skipped/>
  </testcase> <!-- TC04_IJW_CHROME_VERIFY_Checkout -->
  <testcase name="TC_DOORDASH_IJW_VERIFY_REMOVEITEM_BEFORE_CHECKOUT" classname="com.testscripts.framework.TestIJW">
    <skipped/>
  </testcase> <!-- TC_DOORDASH_IJW_VERIFY_REMOVEITEM_BEFORE_CHECKOUT -->
  <testcase name="TC_DOORDASH_IJW_VERIFY_DELIVERY_TOMORROW" classname="com.testscripts.framework.TestIJW">
    <skipped/>
  </testcase> <!-- TC_DOORDASH_IJW_VERIFY_DELIVERY_TOMORROW -->
  <testcase name="TC95_IJW_VERIFY_DELIVERY_SCHEDULE_ORDER_TODAY" classname="com.testscripts.framework.TestIJW">
    <skipped/>
  </testcase> <!-- TC95_IJW_VERIFY_DELIVERY_SCHEDULE_ORDER_TODAY -->
  <testcase name="TC_DOORDASH_IJW_VERIFY_REMOVEITEM_AFTER_CHECKOUT_WHEN_MANYITEM_PRESENT" classname="com.testscripts.framework.TestIJW">
    <skipped/>
  </testcase> <!-- TC_DOORDASH_IJW_VERIFY_REMOVEITEM_AFTER_CHECKOUT_WHEN_MANYITEM_PRESENT -->
  <testcase name="TC_DOORDASH_IJW_VERIFY_VIEWPREVIOUSORDERS" classname="com.testscripts.framework.TestIJW">
    <skipped/>
  </testcase> <!-- TC_DOORDASH_IJW_VERIFY_VIEWPREVIOUSORDERS -->
  <testcase name="TC_DOORDASH_IJW_VERIFY_REMOVEITEM_AFTER_CHECKOUT" classname="com.testscripts.framework.TestIJW">
    <skipped/>
  </testcase> <!-- TC_DOORDASH_IJW_VERIFY_REMOVEITEM_AFTER_CHECKOUT -->
  <testcase name="TC_DOORDASH_IJW_VERIFY_REMOVE_AN_ITEM_WHEN_MANY_PRESENT_BEFORE_CHECKOUT" classname="com.testscripts.framework.TestIJW">
    <skipped/>
  </testcase> <!-- TC_DOORDASH_IJW_VERIFY_REMOVE_AN_ITEM_WHEN_MANY_PRESENT_BEFORE_CHECKOUT -->
  <testcase name="TC91_ValidateItemIncreaseDecrease" classname="com.testscripts.framework.TestIJW">
    <skipped/>
  </testcase> <!-- TC91_ValidateItemIncreaseDecrease -->
  <testcase name="TC06_IJW_VERIFY_Homepage_UI" classname="com.testscripts.framework.TestIJW">
    <skipped/>
  </testcase> <!-- TC06_IJW_VERIFY_Homepage_UI -->
  <testcase name="TC08_IJW_ValidateMenuDescription" classname="com.testscripts.framework.TestIJW">
    <skipped/>
  </testcase> <!-- TC08_IJW_ValidateMenuDescription -->
  <testcase name="TC05_IJW_EnterTipAmountZero" classname="com.testscripts.framework.TestIJW">
    <skipped/>
  </testcase> <!-- TC05_IJW_EnterTipAmountZero -->
  <testcase name="TC_IJW_VERIFY_PICKUP_ORDER_ASAP" classname="com.testscripts.framework.TestIJW">
    <skipped/>
  </testcase> <!-- TC_IJW_VERIFY_PICKUP_ORDER_ASAP -->
  <testcase name="TC93_IJW_ValidatePickupScheduleLater" classname="com.testscripts.framework.TestIJW">
    <skipped/>
  </testcase> <!-- TC93_IJW_ValidatePickupScheduleLater -->
  <testcase name="TC92_IJW_VERIFY_ORDER_MODES" classname="com.testscripts.framework.TestIJW">
    <skipped/>
  </testcase> <!-- TC92_IJW_VERIFY_ORDER_MODES -->
  <testcase name="TC90_VERIFY_ITEM_ADDTOCART_CHECKOUT" classname="com.testscripts.framework.TestIJW">
    <skipped/>
  </testcase> <!-- TC90_VERIFY_ITEM_ADDTOCART_CHECKOUT -->
</testsuite> <!-- com.testscripts.framework.TestIJW -->
