<?xml version="1.0" encoding="UTF-8"?>
<!-- Generated by org.testng.reporters.JUnitReportReporter -->
<testsuite name="com.testscripts.framework.TestChilisIOSBrowser" tests="1" time="0.000" ignored="135" failures="0" timestamp="25 Oct 2021 16:59:59 GMT" skipped="0" hostname="DHQWB1" errors="1">
  <testcase name="initialize" time="0.000" classname="com.testscripts.framework.TestChilisIOSBrowser">
    <error type="org.openqa.selenium.WebDriverException" message="It is impossible to create a new session because &#039;createSession&#039; which takes HttpClient, InputStream and long was not found or it is not accessible
Build info: version: &#039;3.12.0&#039;, revision: &#039;7c6e0b3&#039;, time: &#039;2018-05-08T14:04:26.12Z&#039;
System info: host: &#039;DHQWB1&#039;, ip: &#039;10.254.55.51&#039;, os.name: &#039;Windows Server 2012 R2&#039;, os.arch: &#039;x86&#039;, os.version: &#039;6.3&#039;, java.version: &#039;1.8.0_121&#039;
Driver info: driver.version: IOSDriver">
      <![CDATA[org.openqa.selenium.WebDriverException: It is impossible to create a new session because 'createSession' which takes HttpClient, InputStream and long was not found or it is not accessible
Build info: version: '3.12.0', revision: '7c6e0b3', time: '2018-05-08T14:04:26.12Z'
System info: host: 'DHQWB1', ip: '10.254.55.51', os.name: 'Windows Server 2012 R2', os.arch: 'x86', os.version: '6.3', java.version: '1.8.0_121'
Driver info: driver.version: IOSDriver
	at io.appium.java_client.remote.AppiumCommandExecutor$1.createSession(AppiumCommandExecutor.java:195)
	at io.appium.java_client.remote.AppiumCommandExecutor.createSession(AppiumCommandExecutor.java:209)
	at io.appium.java_client.remote.AppiumCommandExecutor.execute(AppiumCommandExecutor.java:231)
	at org.openqa.selenium.remote.RemoteWebDriver.execute(RemoteWebDriver.java:543)
	at io.appium.java_client.DefaultGenericMobileDriver.execute(DefaultGenericMobileDriver.java:42)
	at io.appium.java_client.AppiumDriver.execute(AppiumDriver.java:1)
	at io.appium.java_client.ios.IOSDriver.execute(IOSDriver.java:1)
	at org.openqa.selenium.remote.RemoteWebDriver.startSession(RemoteWebDriver.java:207)
	at org.openqa.selenium.remote.RemoteWebDriver.<init>(RemoteWebDriver.java:130)
	at io.appium.java_client.DefaultGenericMobileDriver.<init>(DefaultGenericMobileDriver.java:38)
	at io.appium.java_client.AppiumDriver.<init>(AppiumDriver.java:84)
	at io.appium.java_client.AppiumDriver.<init>(AppiumDriver.java:94)
	at io.appium.java_client.ios.IOSDriver.<init>(IOSDriver.java:95)
	at com.businesscomponents.framework.ChilisIOSBrowserFunctions.initialize(ChilisIOSBrowserFunctions.java:46)
	at sun.reflect.NativeMethodAccessorImpl.invoke0(Native Method)
	at sun.reflect.NativeMethodAccessorImpl.invoke(Unknown Source)
	at sun.reflect.DelegatingMethodAccessorImpl.invoke(Unknown Source)
	at java.lang.reflect.Method.invoke(Unknown Source)
	at org.testng.internal.MethodInvocationHelper.invokeMethod(MethodInvocationHelper.java:104)
	at org.testng.internal.Invoker.invokeConfigurationMethod(Invoker.java:515)
	at org.testng.internal.Invoker.invokeConfigurations(Invoker.java:217)
	at org.testng.internal.Invoker.invokeMethod(Invoker.java:590)
	at org.testng.internal.Invoker.invokeTestMethod(Invoker.java:851)
	at org.testng.internal.Invoker.invokeTestMethods(Invoker.java:1177)
	at org.testng.internal.TestMethodWorker.invokeTestMethods(TestMethodWorker.java:129)
	at org.testng.internal.TestMethodWorker.run(TestMethodWorker.java:112)
	at org.testng.TestRunner.privateRun(TestRunner.java:756)
	at org.testng.TestRunner.run(TestRunner.java:610)
	at org.testng.SuiteRunner.runTest(SuiteRunner.java:387)
	at org.testng.SuiteRunner.runSequentially(SuiteRunner.java:382)
	at org.testng.SuiteRunner.privateRun(SuiteRunner.java:340)
	at org.testng.SuiteRunner.run(SuiteRunner.java:289)
	at org.testng.SuiteRunnerWorker.runSuite(SuiteRunnerWorker.java:52)
	at org.testng.SuiteRunnerWorker.run(SuiteRunnerWorker.java:86)
	at org.testng.TestNG.runSuitesSequentially(TestNG.java:1293)
	at org.testng.TestNG.runSuitesLocally(TestNG.java:1218)
	at org.testng.TestNG.runSuites(TestNG.java:1133)
	at org.testng.TestNG.run(TestNG.java:1104)
	at com.testrunner.framework.TestRunner.main(TestRunner.java:39)
Caused by: java.lang.reflect.InvocationTargetException
	at sun.reflect.NativeMethodAccessorImpl.invoke0(Native Method)
	at sun.reflect.NativeMethodAccessorImpl.invoke(Unknown Source)
	at sun.reflect.DelegatingMethodAccessorImpl.invoke(Unknown Source)
	at java.lang.reflect.Method.invoke(Unknown Source)
	at io.appium.java_client.remote.AppiumCommandExecutor$1.createSession(AppiumCommandExecutor.java:185)
	... 38 more
Caused by: java.io.IOException: unexpected end of stream on Connection{cloud.seetest.io:443, proxy=DIRECT hostAddress=cloud.seetest.io/199.203.3.214:443 cipherSuite=TLS_ECDHE_RSA_WITH_AES_128_GCM_SHA256 protocol=http/1.1}
	at okhttp3.internal.http1.Http1Codec.readResponseHeaders(Http1Codec.java:205)
	at okhttp3.internal.http.CallServerInterceptor.intercept(CallServerInterceptor.java:88)
	at okhttp3.internal.http.RealInterceptorChain.proceed(RealInterceptorChain.java:147)
	at okhttp3.internal.connection.ConnectInterceptor.intercept(ConnectInterceptor.java:45)
	at okhttp3.internal.http.RealInterceptorChain.proceed(RealInterceptorChain.java:147)
	at okhttp3.internal.http.RealInterceptorChain.proceed(RealInterceptorChain.java:121)
	at okhttp3.internal.cache.CacheInterceptor.intercept(CacheInterceptor.java:93)
	at okhttp3.internal.http.RealInterceptorChain.proceed(RealInterceptorChain.java:147)
	at okhttp3.internal.http.RealInterceptorChain.proceed(RealInterceptorChain.java:121)
	at okhttp3.internal.http.BridgeInterceptor.intercept(BridgeInterceptor.java:93)
	at okhttp3.internal.http.RealInterceptorChain.proceed(RealInterceptorChain.java:147)
	at okhttp3.internal.http.RetryAndFollowUpInterceptor.intercept(RetryAndFollowUpInterceptor.java:125)
	at okhttp3.internal.http.RealInterceptorChain.proceed(RealInterceptorChain.java:147)
	at okhttp3.internal.http.RealInterceptorChain.proceed(RealInterceptorChain.java:121)
	at okhttp3.RealCall.getResponseWithInterceptorChain(RealCall.java:200)
	at okhttp3.RealCall.execute(RealCall.java:77)
	at org.openqa.selenium.remote.internal.OkHttpClient.execute(OkHttpClient.java:105)
	at org.openqa.selenium.remote.ProtocolHandshake.createSession(ProtocolHandshake.java:101)
	... 43 more
Caused by: java.io.EOFException: \n not found: limit=0 content=â€¦
	at okio.RealBufferedSource.readUtf8LineStrict(RealBufferedSource.java:227)
	at okhttp3.internal.http1.Http1Codec.readHeaderLine(Http1Codec.java:212)
	at okhttp3.internal.http1.Http1Codec.readResponseHeaders(Http1Codec.java:189)
	... 60 more
]]>
    </error>
  </testcase> <!-- initialize -->
  <testcase name="TC05_IOS_BROWSER_CurbSideLaterTodayOrder_MCAUser_TestCase" classname="com.testscripts.framework.TestChilisIOSBrowser">
    <skipped/>
  </testcase> <!-- TC05_IOS_BROWSER_CurbSideLaterTodayOrder_MCAUser_TestCase -->
  <testcase name="TC21_IOS_BROWSER_AddMyVisit_TestCase" classname="com.testscripts.framework.TestChilisIOSBrowser">
    <skipped/>
  </testcase> <!-- TC21_IOS_BROWSER_AddMyVisit_TestCase -->
  <testcase name="TC02_IOS_BROWSER_LoggedInUserOrder_TestCase" classname="com.testscripts.framework.TestChilisIOSBrowser">
    <skipped/>
  </testcase> <!-- TC02_IOS_BROWSER_LoggedInUserOrder_TestCase -->
  <testcase name="TC26_IOS_BROWSER_QA2_CurbSideLaterTodayOrder_MCAUser_TestCase" classname="com.testscripts.framework.TestChilisIOSBrowser">
    <skipped/>
  </testcase> <!-- TC26_IOS_BROWSER_QA2_CurbSideLaterTodayOrder_MCAUser_TestCase -->
  <testcase name="TC24_IOS_BROWSER_QA2_CurbsideASAPorder_MCAUser_TestCase" classname="com.testscripts.framework.TestChilisIOSBrowser">
    <skipped/>
  </testcase> <!-- TC24_IOS_BROWSER_QA2_CurbsideASAPorder_MCAUser_TestCase -->
  <testcase name="TC35_IOS_BROWSER_QA2_UpdateMyAccount_TestCase" classname="com.testscripts.framework.TestChilisIOSBrowser">
    <skipped/>
  </testcase> <!-- TC35_IOS_BROWSER_QA2_UpdateMyAccount_TestCase -->
  <testcase name="TC04_IOS_BROWSER_CarryOutLaterTodayOrder_MCAUser_TestCase" classname="com.testscripts.framework.TestChilisIOSBrowser">
    <skipped/>
  </testcase> <!-- TC04_IOS_BROWSER_CarryOutLaterTodayOrder_MCAUser_TestCase -->
  <testcase name="TC06_IOS_BROWSER_CarryOutASAPOrder_MCAUser_TestCase" classname="com.testscripts.framework.TestChilisIOSBrowser">
    <skipped/>
  </testcase> <!-- TC06_IOS_BROWSER_CarryOutASAPOrder_MCAUser_TestCase -->
  <testcase name="TC34_IOS_BROWSER_QA2_Reorder_TestCase" classname="com.testscripts.framework.TestChilisIOSBrowser">
    <skipped/>
  </testcase> <!-- TC34_IOS_BROWSER_QA2_Reorder_TestCase -->
  <testcase name="TC08_IOS_BROWSER_DeliveryLaterTodayOrder_MCAUser_TestCase" classname="com.testscripts.framework.TestChilisIOSBrowser">
    <skipped/>
  </testcase> <!-- TC08_IOS_BROWSER_DeliveryLaterTodayOrder_MCAUser_TestCase -->
  <testcase name="TC27_IOS_BROWSER_QA2_CarryOutASAPOrder_MCAUser_TestCase" classname="com.testscripts.framework.TestChilisIOSBrowser">
    <skipped/>
  </testcase> <!-- TC27_IOS_BROWSER_QA2_CarryOutASAPOrder_MCAUser_TestCase -->
  <testcase name="TC41_IOS_BROWSER_QA2_ValidateLocationSearch_GuestUser_TestCase" classname="com.testscripts.framework.TestChilisIOSBrowser">
    <skipped/>
  </testcase> <!-- TC41_IOS_BROWSER_QA2_ValidateLocationSearch_GuestUser_TestCase -->
  <testcase name="TC37_IOS_BROWSER_QA2_CarryOutFutureCustomizedOrder_GuestUser_TestCase" classname="com.testscripts.framework.TestChilisIOSBrowser">
    <skipped/>
  </testcase> <!-- TC37_IOS_BROWSER_QA2_CarryOutFutureCustomizedOrder_GuestUser_TestCase -->
  <testcase name="TC01_IOS_BROWSER_LoginLogoutTestCase" classname="com.testscripts.framework.TestChilisIOSBrowser">
    <skipped/>
  </testcase> <!-- TC01_IOS_BROWSER_LoginLogoutTestCase -->
  <testcase name="TC03_IOS_BROWSER_CurbsideASAPorder_MCAUser_TestCase" classname="com.testscripts.framework.TestChilisIOSBrowser">
    <skipped/>
  </testcase> <!-- TC03_IOS_BROWSER_CurbsideASAPorder_MCAUser_TestCase -->
  <testcase name="TC40_IOS_BROWSER_QA2_ValidateFavouriteItems_TestCase" classname="com.testscripts.framework.TestChilisIOSBrowser">
    <skipped/>
  </testcase> <!-- TC40_IOS_BROWSER_QA2_ValidateFavouriteItems_TestCase -->
  <testcase name="TC25_IOS_BROWSER_QA2_CarryOutLaterTodayOrder_MCAUser_TestCase" classname="com.testscripts.framework.TestChilisIOSBrowser">
    <skipped/>
  </testcase> <!-- TC25_IOS_BROWSER_QA2_CarryOutLaterTodayOrder_MCAUser_TestCase -->
  <testcase name="TC23_IOS_BROWSER_QA2_LoggedInUserOrder_TestCase" classname="com.testscripts.framework.TestChilisIOSBrowser">
    <skipped/>
  </testcase> <!-- TC23_IOS_BROWSER_QA2_LoggedInUserOrder_TestCase -->
  <testcase name="TC07_IOS_BROWSER_DeliveryASAPOrder_MCAUser_TestCase" classname="com.testscripts.framework.TestChilisIOSBrowser">
    <skipped/>
  </testcase> <!-- TC07_IOS_BROWSER_DeliveryASAPOrder_MCAUser_TestCase -->
  <testcase name="TC42_IOS_BROWSER_QA2_AddMyVisit_TestCase" classname="com.testscripts.framework.TestChilisIOSBrowser">
    <skipped/>
  </testcase> <!-- TC42_IOS_BROWSER_QA2_AddMyVisit_TestCase -->
  <testcase name="TC39_IOS_BROWSER_QA2_ValidateRewards_TestCase" classname="com.testscripts.framework.TestChilisIOSBrowser">
    <skipped/>
  </testcase> <!-- TC39_IOS_BROWSER_QA2_ValidateRewards_TestCase -->
  <testcase name="TC22_IOS_BROWSER_QA2_LoginLogoutTestCase" classname="com.testscripts.framework.TestChilisIOSBrowser">
    <skipped/>
  </testcase> <!-- TC22_IOS_BROWSER_QA2_LoginLogoutTestCase -->
  <testcase name="TC38_IOS_BROWSER_QA2_CarryOutFutureOrder_TestCase" classname="com.testscripts.framework.TestChilisIOSBrowser">
    <skipped/>
  </testcase> <!-- TC38_IOS_BROWSER_QA2_CarryOutFutureOrder_TestCase -->
  <testcase name="TC28_IOS_BROWSER_QA2_DeliveryASAPOrder_MCAUser_TestCase" classname="com.testscripts.framework.TestChilisIOSBrowser">
    <skipped/>
  </testcase> <!-- TC28_IOS_BROWSER_QA2_DeliveryASAPOrder_MCAUser_TestCase -->
  <testcase name="TC36_IOS_BROWSER_QA2_CurbsideCustomizationOrder_MCAUser_TestCase" classname="com.testscripts.framework.TestChilisIOSBrowser">
    <skipped/>
  </testcase> <!-- TC36_IOS_BROWSER_QA2_CurbsideCustomizationOrder_MCAUser_TestCase -->
  <testcase name="TC31_IOS_BROWSER_QA2_DeliveryASAP_GuestUser_TestCase" classname="com.testscripts.framework.TestChilisIOSBrowser">
    <skipped/>
  </testcase> <!-- TC31_IOS_BROWSER_QA2_DeliveryASAP_GuestUser_TestCase -->
  <testcase name="TC18_IOS_BROWSER_ValidateRewards_TestCase" classname="com.testscripts.framework.TestChilisIOSBrowser">
    <skipped/>
  </testcase> <!-- TC18_IOS_BROWSER_ValidateRewards_TestCase -->
  <testcase name="TC29_IOS_BROWSER_QA2_DeliveryLaterTodayOrder_MCAUser_TestCase" classname="com.testscripts.framework.TestChilisIOSBrowser">
    <skipped/>
  </testcase> <!-- TC29_IOS_BROWSER_QA2_DeliveryLaterTodayOrder_MCAUser_TestCase -->
  <testcase name="TC33_IOS_BROWSER_QA2_PlaceOrderWithRewards_TestCase" classname="com.testscripts.framework.TestChilisIOSBrowser">
    <skipped/>
  </testcase> <!-- TC33_IOS_BROWSER_QA2_PlaceOrderWithRewards_TestCase -->
  <testcase name="TC30_IOS_BROWSER_QA2_CurbsideOrder_GuestUser_TestCase" classname="com.testscripts.framework.TestChilisIOSBrowser">
    <skipped/>
  </testcase> <!-- TC30_IOS_BROWSER_QA2_CurbsideOrder_GuestUser_TestCase -->
  <testcase name="TC32_IOS_BROWSER_QA2_deliveryLaterTodayOrder_GuestUser_TestCase" classname="com.testscripts.framework.TestChilisIOSBrowser">
    <skipped/>
  </testcase> <!-- TC32_IOS_BROWSER_QA2_deliveryLaterTodayOrder_GuestUser_TestCase -->
  <testcase name="TC04_IOS_APP_UpdateMyAccount_TestCase" classname="com.testscripts.framework.TestChilisIOSApp">
    <skipped/>
  </testcase> <!-- TC04_IOS_APP_UpdateMyAccount_TestCase -->
  <testcase name="TC11_IOS_APP_CurbsideGuestUserOrder_TestCase" classname="com.testscripts.framework.TestChilisIOSApp">
    <skipped/>
  </testcase> <!-- TC11_IOS_APP_CurbsideGuestUserOrder_TestCase -->
  <testcase name="TC19_IOS_APP_Reorder_TestCase" classname="com.testscripts.framework.TestChilisIOSApp">
    <skipped/>
  </testcase> <!-- TC19_IOS_APP_Reorder_TestCase -->
  <testcase name="TC01_IOS_APP_LoginLogout_TestCase" classname="com.testscripts.framework.TestChilisIOSApp">
    <skipped/>
  </testcase> <!-- TC01_IOS_APP_LoginLogout_TestCase -->
  <testcase name="TC16_IOS_APP_CurbsideItemCustomizationOrder_MCAUser_TestCase" classname="com.testscripts.framework.TestChilisIOSApp">
    <skipped/>
  </testcase> <!-- TC16_IOS_APP_CurbsideItemCustomizationOrder_MCAUser_TestCase -->
  <testcase name="TC08_IOS_APP_CarryoutASAPOrder_MCAUser_TestCase" classname="com.testscripts.framework.TestChilisIOSApp">
    <skipped/>
  </testcase> <!-- TC08_IOS_APP_CarryoutASAPOrder_MCAUser_TestCase -->
  <testcase name="TC10_IOS_APP_CurbsideLaterTodayOrder_MCAUser_TestCase" classname="com.testscripts.framework.TestChilisIOSApp">
    <skipped/>
  </testcase> <!-- TC10_IOS_APP_CurbsideLaterTodayOrder_MCAUser_TestCase -->
  <testcase name="TC06_IOS_APP_loggedInUserOrder_TestCase" classname="com.testscripts.framework.TestChilisIOSApp">
    <skipped/>
  </testcase> <!-- TC06_IOS_APP_loggedInUserOrder_TestCase -->
  <testcase name="TC07_IOS_APP_CurbsideASAPOrder_MCAUser_TestCase" classname="com.testscripts.framework.TestChilisIOSApp">
    <skipped/>
  </testcase> <!-- TC07_IOS_APP_CurbsideASAPOrder_MCAUser_TestCase -->
  <testcase name="TC12_IOS_APP_DeliveryASAP_GuestUserOrder_TestCase" classname="com.testscripts.framework.TestChilisIOSApp">
    <skipped/>
  </testcase> <!-- TC12_IOS_APP_DeliveryASAP_GuestUserOrder_TestCase -->
  <testcase name="TC18_IOS_APP_CarryOutFutureFavouriteItemsOrder_SignedInUser_TestCase" classname="com.testscripts.framework.TestChilisIOSApp">
    <skipped/>
  </testcase> <!-- TC18_IOS_APP_CarryOutFutureFavouriteItemsOrder_SignedInUser_TestCase -->
  <testcase name="TC21_IOS_APP_PlaceOrderWithRewards_TestCase" classname="com.testscripts.framework.TestChilisIOSApp">
    <skipped/>
  </testcase> <!-- TC21_IOS_APP_PlaceOrderWithRewards_TestCase -->
  <testcase name="TC02_IOS_APP_ValidateLocationSearch_TestCase" classname="com.testscripts.framework.TestChilisIOSApp">
    <skipped/>
  </testcase> <!-- TC02_IOS_APP_ValidateLocationSearch_TestCase -->
  <testcase name="TC13_IOS_APP_DeliveryLaterToday_GuestUserOrder_TestCase" classname="com.testscripts.framework.TestChilisIOSApp">
    <skipped/>
  </testcase> <!-- TC13_IOS_APP_DeliveryLaterToday_GuestUserOrder_TestCase -->
  <testcase name="TC14_IOS_APP_DeliveryASAPOrder_MCAUser_TestCase" classname="com.testscripts.framework.TestChilisIOSApp">
    <skipped/>
  </testcase> <!-- TC14_IOS_APP_DeliveryASAPOrder_MCAUser_TestCase -->
  <testcase name="TC03_IOS_APP_RewardsValidation_loggedInUser_TestCase" classname="com.testscripts.framework.TestChilisIOSApp">
    <skipped/>
  </testcase> <!-- TC03_IOS_APP_RewardsValidation_loggedInUser_TestCase -->
  <testcase name="TC15_IOS_APP_DeliveryLaterTodayOrder_MCAUser_TestCase" classname="com.testscripts.framework.TestChilisIOSApp">
    <skipped/>
  </testcase> <!-- TC15_IOS_APP_DeliveryLaterTodayOrder_MCAUser_TestCase -->
  <testcase name="TC05_IOS_APP_validateChilisFavouriteItems_TestCase" classname="com.testscripts.framework.TestChilisIOSApp">
    <skipped/>
  </testcase> <!-- TC05_IOS_APP_validateChilisFavouriteItems_TestCase -->
  <testcase name="TC20_IOS_APP_AddMyVisit_TestCase" classname="com.testscripts.framework.TestChilisIOSApp">
    <skipped/>
  </testcase> <!-- TC20_IOS_APP_AddMyVisit_TestCase -->
  <testcase name="TC17_IOS_APP_CarryOutFutureOrderItemCustomizationOrder_GuestUser_TestCase" classname="com.testscripts.framework.TestChilisIOSApp">
    <skipped/>
  </testcase> <!-- TC17_IOS_APP_CarryOutFutureOrderItemCustomizationOrder_GuestUser_TestCase -->
  <testcase name="TC09_IOS_APP_CarryoutLaterTodayOrder_MCAUser_TestCase" classname="com.testscripts.framework.TestChilisIOSApp">
    <skipped/>
  </testcase> <!-- TC09_IOS_APP_CarryoutLaterTodayOrder_MCAUser_TestCase -->
  <testcase name="TC20_ANDROID_APP_UpdateMyAccount_TestCase" classname="com.testscripts.framework.TestChilisAndroidApp">
    <skipped/>
  </testcase> <!-- TC20_ANDROID_APP_UpdateMyAccount_TestCase -->
  <testcase name="TC40_ANDROID_APP_QA2_Reorder_TestCase" classname="com.testscripts.framework.TestChilisAndroidApp">
    <skipped/>
  </testcase> <!-- TC40_ANDROID_APP_QA2_Reorder_TestCase -->
  <testcase name="TC14_ANDROID_APP_DeliveryLaterTodayOrder_GuestUser_TestCase" classname="com.testscripts.framework.TestChilisAndroidApp">
    <skipped/>
  </testcase> <!-- TC14_ANDROID_APP_DeliveryLaterTodayOrder_GuestUser_TestCase -->
  <testcase name="TC18_ANDROID_APP_CarryOutFutureOrderItemCustomization_GuestUser_TestCase" classname="com.testscripts.framework.TestChilisAndroidApp">
    <skipped/>
  </testcase> <!-- TC18_ANDROID_APP_CarryOutFutureOrderItemCustomization_GuestUser_TestCase -->
  <testcase name="TC34_ANDROID_APP_QA2_DeliveryASAP_MCAUser_TestCase" classname="com.testscripts.framework.TestChilisAndroidApp">
    <skipped/>
  </testcase> <!-- TC34_ANDROID_APP_QA2_DeliveryASAP_MCAUser_TestCase -->
  <testcase name="TC30_ANDROID_APP_QA2_CurbsideASAP_MCAUser_TestCase" classname="com.testscripts.framework.TestChilisAndroidApp">
    <skipped/>
  </testcase> <!-- TC30_ANDROID_APP_QA2_CurbsideASAP_MCAUser_TestCase -->
  <testcase name="TC02_ANDROID_APP_validateLocationSearch_TestCase" classname="com.testscripts.framework.TestChilisAndroidApp">
    <skipped/>
  </testcase> <!-- TC02_ANDROID_APP_validateLocationSearch_TestCase -->
  <testcase name="TC28_ANDROID_APP_QA2_CurbsideOrder_GuestUser_TestCase" classname="com.testscripts.framework.TestChilisAndroidApp">
    <skipped/>
  </testcase> <!-- TC28_ANDROID_APP_QA2_CurbsideOrder_GuestUser_TestCase -->
  <testcase name="TC19_ANDROID_APP_Reorder_TestCase" classname="com.testscripts.framework.TestChilisAndroidApp">
    <skipped/>
  </testcase> <!-- TC19_ANDROID_APP_Reorder_TestCase -->
  <testcase name="TC07_ANDROID_APP_CurbsideOrder_GuestUser_TestCase" classname="com.testscripts.framework.TestChilisAndroidApp">
    <skipped/>
  </testcase> <!-- TC07_ANDROID_APP_CurbsideOrder_GuestUser_TestCase -->
  <testcase name="TC05_ANDROID_APP_loggedInUserOrder_TestCase" classname="com.testscripts.framework.TestChilisAndroidApp">
    <skipped/>
  </testcase> <!-- TC05_ANDROID_APP_loggedInUserOrder_TestCase -->
  <testcase name="TC08_ANDROID_APP_CarryOutASAP_MCAUser_TestCase" classname="com.testscripts.framework.TestChilisAndroidApp">
    <skipped/>
  </testcase> <!-- TC08_ANDROID_APP_CarryOutASAP_MCAUser_TestCase -->
  <testcase name="TC25_ANDROID_APP_QA2_validateChilisFavouriteItems_TestCase" classname="com.testscripts.framework.TestChilisAndroidApp">
    <skipped/>
  </testcase> <!-- TC25_ANDROID_APP_QA2_validateChilisFavouriteItems_TestCase -->
  <testcase name="TC12_ANDROID_APP_DeliveryLaterToday_MCAUser_TestCase" classname="com.testscripts.framework.TestChilisAndroidApp">
    <skipped/>
  </testcase> <!-- TC12_ANDROID_APP_DeliveryLaterToday_MCAUser_TestCase -->
  <testcase name="TC37_ANDROID_APP_QA2_CurbsideItemCustomization_MCAUser_TestCase" classname="com.testscripts.framework.TestChilisAndroidApp">
    <skipped/>
  </testcase> <!-- TC37_ANDROID_APP_QA2_CurbsideItemCustomization_MCAUser_TestCase -->
  <testcase name="TC10_ANDROID_APP_CarryOutLaterToday_MCAUser_TestCase" classname="com.testscripts.framework.TestChilisAndroidApp">
    <skipped/>
  </testcase> <!-- TC10_ANDROID_APP_CarryOutLaterToday_MCAUser_TestCase -->
  <testcase name="TC26_ANDROID_APP_QA2_loggedInUserOrder_TestCase" classname="com.testscripts.framework.TestChilisAndroidApp">
    <skipped/>
  </testcase> <!-- TC26_ANDROID_APP_QA2_loggedInUserOrder_TestCase -->
  <testcase name="TC16_ANDROID_APP_CurbsideItemCustomization_MCAUser_TestCase" classname="com.testscripts.framework.TestChilisAndroidApp">
    <skipped/>
  </testcase> <!-- TC16_ANDROID_APP_CurbsideItemCustomization_MCAUser_TestCase -->
  <testcase name="TC09_ANDROID_APP_CurbsideASAP_MCAUser_TestCase" classname="com.testscripts.framework.TestChilisAndroidApp">
    <skipped/>
  </testcase> <!-- TC09_ANDROID_APP_CurbsideASAP_MCAUser_TestCase -->
  <testcase name="TC36_ANDROID_APP_QA2_DeliveryASAPOrder_GuestUser_TestCase" classname="com.testscripts.framework.TestChilisAndroidApp">
    <skipped/>
  </testcase> <!-- TC36_ANDROID_APP_QA2_DeliveryASAPOrder_GuestUser_TestCase -->
  <testcase name="TC41_ANDROID_APP_QA2_UpdateMyAccount_TestCase" classname="com.testscripts.framework.TestChilisAndroidApp">
    <skipped/>
  </testcase> <!-- TC41_ANDROID_APP_QA2_UpdateMyAccount_TestCase -->
  <testcase name="TC31_ANDROID_APP_QA2_CarryOutLaterToday_MCAUser_TestCase" classname="com.testscripts.framework.TestChilisAndroidApp">
    <skipped/>
  </testcase> <!-- TC31_ANDROID_APP_QA2_CarryOutLaterToday_MCAUser_TestCase -->
  <testcase name="TC24_ANDROID_APP_QA2_validateRewards_SignedInUser_TestCase" classname="com.testscripts.framework.TestChilisAndroidApp">
    <skipped/>
  </testcase> <!-- TC24_ANDROID_APP_QA2_validateRewards_SignedInUser_TestCase -->
  <testcase name="TC39_ANDROID_APP_QA2_CarryOutFutureOrderItemCustomization_GuestUser_TestCase" classname="com.testscripts.framework.TestChilisAndroidApp">
    <skipped/>
  </testcase> <!-- TC39_ANDROID_APP_QA2_CarryOutFutureOrderItemCustomization_GuestUser_TestCase -->
  <testcase name="TC21_ANDROID_APP_PlaceOrderWithRewards_TestCase" classname="com.testscripts.framework.TestChilisAndroidApp">
    <skipped/>
  </testcase> <!-- TC21_ANDROID_APP_PlaceOrderWithRewards_TestCase -->
  <testcase name="TC35_ANDROID_APP_QA2_DeliveryLaterTodayOrder_GuestUser_TestCase" classname="com.testscripts.framework.TestChilisAndroidApp">
    <skipped/>
  </testcase> <!-- TC35_ANDROID_APP_QA2_DeliveryLaterTodayOrder_GuestUser_TestCase -->
  <testcase name="TC32_ANDROID_APP_QA2_CurbsideLaterToday_MCAUser_TestCase" classname="com.testscripts.framework.TestChilisAndroidApp">
    <skipped/>
  </testcase> <!-- TC32_ANDROID_APP_QA2_CurbsideLaterToday_MCAUser_TestCase -->
  <testcase name="TC33_ANDROID_APP_QA2_DeliveryLaterToday_MCAUser_TestCase" classname="com.testscripts.framework.TestChilisAndroidApp">
    <skipped/>
  </testcase> <!-- TC33_ANDROID_APP_QA2_DeliveryLaterToday_MCAUser_TestCase -->
  <testcase name="TC42_ANDROID_APP_QA2_PlaceOrderWithRewards_TestCase" classname="com.testscripts.framework.TestChilisAndroidApp">
    <skipped/>
  </testcase> <!-- TC42_ANDROID_APP_QA2_PlaceOrderWithRewards_TestCase -->
  <testcase name="TC27_ANDROID_APP_QA2_AddMyVisit_TestCase" classname="com.testscripts.framework.TestChilisAndroidApp">
    <skipped/>
  </testcase> <!-- TC27_ANDROID_APP_QA2_AddMyVisit_TestCase -->
  <testcase name="TC15_ANDROID_APP_DeliveryASAPOrder_GuestUser_TestCase" classname="com.testscripts.framework.TestChilisAndroidApp">
    <skipped/>
  </testcase> <!-- TC15_ANDROID_APP_DeliveryASAPOrder_GuestUser_TestCase -->
  <testcase name="TC23_ANDROID_APP_QA2_validateLocationSearch_TestCase" classname="com.testscripts.framework.TestChilisAndroidApp">
    <skipped/>
  </testcase> <!-- TC23_ANDROID_APP_QA2_validateLocationSearch_TestCase -->
  <testcase name="TC01_ANDROID_APP_loginLogout_TestCase" classname="com.testscripts.framework.TestChilisAndroidApp">
    <skipped/>
  </testcase> <!-- TC01_ANDROID_APP_loginLogout_TestCase -->
  <testcase name="TC11_ANDROID_APP_CurbsideLaterToday_MCAUser_TestCase" classname="com.testscripts.framework.TestChilisAndroidApp">
    <skipped/>
  </testcase> <!-- TC11_ANDROID_APP_CurbsideLaterToday_MCAUser_TestCase -->
  <testcase name="TC38_ANDROID_APP_QA2_CarryOutFutureDateOrder_MCAUser_TestCase" classname="com.testscripts.framework.TestChilisAndroidApp">
    <skipped/>
  </testcase> <!-- TC38_ANDROID_APP_QA2_CarryOutFutureDateOrder_MCAUser_TestCase -->
  <testcase name="TC22_ANDROID_APP_QA2_loginLogout_TestCase" classname="com.testscripts.framework.TestChilisAndroidApp">
    <skipped/>
  </testcase> <!-- TC22_ANDROID_APP_QA2_loginLogout_TestCase -->
  <testcase name="TC03_ANDROID_APP_validateRewards_SignedInUser_TestCase" classname="com.testscripts.framework.TestChilisAndroidApp">
    <skipped/>
  </testcase> <!-- TC03_ANDROID_APP_validateRewards_SignedInUser_TestCase -->
  <testcase name="TC17_ANDROID_APP_CarryOutFutureDateOrder_MCAUser_TestCase" classname="com.testscripts.framework.TestChilisAndroidApp">
    <skipped/>
  </testcase> <!-- TC17_ANDROID_APP_CarryOutFutureDateOrder_MCAUser_TestCase -->
  <testcase name="TC04_ANDROID_APP_validateChilisFavouriteItems_TestCase" classname="com.testscripts.framework.TestChilisAndroidApp">
    <skipped/>
  </testcase> <!-- TC04_ANDROID_APP_validateChilisFavouriteItems_TestCase -->
  <testcase name="TC13_ANDROID_APP_DeliveryASAP_MCAUser_TestCase" classname="com.testscripts.framework.TestChilisAndroidApp">
    <skipped/>
  </testcase> <!-- TC13_ANDROID_APP_DeliveryASAP_MCAUser_TestCase -->
  <testcase name="TC06_ANDROID_APP_AddMyVisit_TestCase" classname="com.testscripts.framework.TestChilisAndroidApp">
    <skipped/>
  </testcase> <!-- TC06_ANDROID_APP_AddMyVisit_TestCase -->
  <testcase name="TC29_ANDROID_APP_QA2_CarryOutASAP_MCAUser_TestCase" classname="com.testscripts.framework.TestChilisAndroidApp">
    <skipped/>
  </testcase> <!-- TC29_ANDROID_APP_QA2_CarryOutASAP_MCAUser_TestCase -->
  <testcase name="TC33_ANDROID_BROWSER_QA2_CurbsideOrder_GuestUser_TestCase" classname="com.testscripts.framework.TestChilisAndroidBrowser">
    <skipped/>
  </testcase> <!-- TC33_ANDROID_BROWSER_QA2_CurbsideOrder_GuestUser_TestCase -->
  <testcase name="TC05_ANDROID_BROWSER_CurbSideLaterTodayOrder_MCAUser_TestCase" classname="com.testscripts.framework.TestChilisAndroidBrowser">
    <skipped/>
  </testcase> <!-- TC05_ANDROID_BROWSER_CurbSideLaterTodayOrder_MCAUser_TestCase -->
  <testcase name="TC42_ANDROID_BROWSER_QA2_AddMyVisit_TestCase" classname="com.testscripts.framework.TestChilisAndroidBrowser">
    <skipped/>
  </testcase> <!-- TC42_ANDROID_BROWSER_QA2_AddMyVisit_TestCase -->
  <testcase name="TC32_ANDROID_BROWSER_QA2_CarryOutFutureOrder_TestCase" classname="com.testscripts.framework.TestChilisAndroidBrowser">
    <skipped/>
  </testcase> <!-- TC32_ANDROID_BROWSER_QA2_CarryOutFutureOrder_TestCase -->
  <testcase name="TC10_ANDROID_BROWSER_Reorder_TestCase" classname="com.testscripts.framework.TestChilisAndroidBrowser">
    <skipped/>
  </testcase> <!-- TC10_ANDROID_BROWSER_Reorder_TestCase -->
  <testcase name="TC13_ANDROID_BROWSER_DeliveryASAP_GuestUser_TestCase" classname="com.testscripts.framework.TestChilisAndroidBrowser">
    <skipped/>
  </testcase> <!-- TC13_ANDROID_BROWSER_DeliveryASAP_GuestUser_TestCase -->
  <testcase name="TC20_ANDROID_BROWSER_CarryOutFutureCustomizedOrder_GuestUser_TestCase" classname="com.testscripts.framework.TestChilisAndroidBrowser">
    <skipped/>
  </testcase> <!-- TC20_ANDROID_BROWSER_CarryOutFutureCustomizedOrder_GuestUser_TestCase -->
  <testcase name="TC07_ANDROID_BROWSER_DeliveryASAPOrder_MCAUser_TestCase" classname="com.testscripts.framework.TestChilisAndroidBrowser">
    <skipped/>
  </testcase> <!-- TC07_ANDROID_BROWSER_DeliveryASAPOrder_MCAUser_TestCase -->
  <testcase name="TC03_ANDROID_BROWSER_CurbsideASAPorder_MCAUser_TestCase" classname="com.testscripts.framework.TestChilisAndroidBrowser">
    <skipped/>
  </testcase> <!-- TC03_ANDROID_BROWSER_CurbsideASAPorder_MCAUser_TestCase -->
  <testcase name="TC21_ANDROID_BROWSER_AddMyVisit_TestCase" classname="com.testscripts.framework.TestChilisAndroidBrowser">
    <skipped/>
  </testcase> <!-- TC21_ANDROID_BROWSER_AddMyVisit_TestCase -->
  <testcase name="TC11_ANDROID_BROWSER_CarryOutFutureOrder_TestCase" classname="com.testscripts.framework.TestChilisAndroidBrowser">
    <skipped/>
  </testcase> <!-- TC11_ANDROID_BROWSER_CarryOutFutureOrder_TestCase -->
  <testcase name="TC27_ANDROID_BROWSER_QA2_CarryOutASAPOrder_MCAUser_TestCase" classname="com.testscripts.framework.TestChilisAndroidBrowser">
    <skipped/>
  </testcase> <!-- TC27_ANDROID_BROWSER_QA2_CarryOutASAPOrder_MCAUser_TestCase -->
  <testcase name="TC34_ANDROID_BROWSER_QA2_DeliveryASAP_GuestUser_TestCase" classname="com.testscripts.framework.TestChilisAndroidBrowser">
    <skipped/>
  </testcase> <!-- TC34_ANDROID_BROWSER_QA2_DeliveryASAP_GuestUser_TestCase -->
  <testcase name="TC40_ANDROID_BROWSER_QA2_CurbsideCustomizationOrder_MCAUser_TestCase" classname="com.testscripts.framework.TestChilisAndroidBrowser">
    <skipped/>
  </testcase> <!-- TC40_ANDROID_BROWSER_QA2_CurbsideCustomizationOrder_MCAUser_TestCase -->
  <testcase name="TC28_ANDROID_BROWSER_QA2_DeliveryASAPOrder_MCAUser_TestCase" classname="com.testscripts.framework.TestChilisAndroidBrowser">
    <skipped/>
  </testcase> <!-- TC28_ANDROID_BROWSER_QA2_DeliveryASAPOrder_MCAUser_TestCase -->
  <testcase name="TC15_ANDROID_BROWSER_RewardsValidation_loggedInUser_TestCase" classname="com.testscripts.framework.TestChilisAndroidBrowser">
    <skipped/>
  </testcase> <!-- TC15_ANDROID_BROWSER_RewardsValidation_loggedInUser_TestCase -->
  <testcase name="TC12_ANDROID_BROWSER_CurbsideOrder_GuestUser_TestCase" classname="com.testscripts.framework.TestChilisAndroidBrowser">
    <skipped/>
  </testcase> <!-- TC12_ANDROID_BROWSER_CurbsideOrder_GuestUser_TestCase -->
  <testcase name="TC23_ANDROID_BROWSER_QA2_LoggedInUserOrder_TestCase" classname="com.testscripts.framework.TestChilisAndroidBrowser">
    <skipped/>
  </testcase> <!-- TC23_ANDROID_BROWSER_QA2_LoggedInUserOrder_TestCase -->
  <testcase name="TC18_ANDROID_BROWSER_UpdateMyAccount_TestCase" classname="com.testscripts.framework.TestChilisAndroidBrowser">
    <skipped/>
  </testcase> <!-- TC18_ANDROID_BROWSER_UpdateMyAccount_TestCase -->
  <testcase name="TC36_ANDROID_BROWSER_QA2_RewardsValidation_loggedInUser_TestCase" classname="com.testscripts.framework.TestChilisAndroidBrowser">
    <skipped/>
  </testcase> <!-- TC36_ANDROID_BROWSER_QA2_RewardsValidation_loggedInUser_TestCase -->
  <testcase name="TC35_ANDROID_BROWSER_QA2_deliveryLaterTodayOrder_GuestUser_TestCase" classname="com.testscripts.framework.TestChilisAndroidBrowser">
    <skipped/>
  </testcase> <!-- TC35_ANDROID_BROWSER_QA2_deliveryLaterTodayOrder_GuestUser_TestCase -->
  <testcase name="TC02_ANDROID_BROWSER_LoggedInUserOrder_TestCase" classname="com.testscripts.framework.TestChilisAndroidBrowser">
    <skipped/>
  </testcase> <!-- TC02_ANDROID_BROWSER_LoggedInUserOrder_TestCase -->
  <testcase name="TC38_ANDROID_BROWSER_QA2_ValidateFavouriteItems_TestCase" classname="com.testscripts.framework.TestChilisAndroidBrowser">
    <skipped/>
  </testcase> <!-- TC38_ANDROID_BROWSER_QA2_ValidateFavouriteItems_TestCase -->
  <testcase name="TC37_ANDROID_BROWSER_QA2_ValidateLocationSearch_TestCase" classname="com.testscripts.framework.TestChilisAndroidBrowser">
    <skipped/>
  </testcase> <!-- TC37_ANDROID_BROWSER_QA2_ValidateLocationSearch_TestCase -->
  <testcase name="TC14_ANDROID_BROWSER_deliveryLaterTodayOrder_GuestUser_TestCase" classname="com.testscripts.framework.TestChilisAndroidBrowser">
    <skipped/>
  </testcase> <!-- TC14_ANDROID_BROWSER_deliveryLaterTodayOrder_GuestUser_TestCase -->
  <testcase name="TC25_ANDROID_BROWSER_QA2_CarryOutLaterTodayOrder_MCAUser_TestCase" classname="com.testscripts.framework.TestChilisAndroidBrowser">
    <skipped/>
  </testcase> <!-- TC25_ANDROID_BROWSER_QA2_CarryOutLaterTodayOrder_MCAUser_TestCase -->
  <testcase name="TC41_ANDROID_BROWSER_QA2_CarryOutFutureCustomizedOrder_GuestUser_TestCase" classname="com.testscripts.framework.TestChilisAndroidBrowser">
    <skipped/>
  </testcase> <!-- TC41_ANDROID_BROWSER_QA2_CarryOutFutureCustomizedOrder_GuestUser_TestCase -->
  <testcase name="TC16_ANDROID_BROWSER_ValidateLocationSearch_TestCase" classname="com.testscripts.framework.TestChilisAndroidBrowser">
    <skipped/>
  </testcase> <!-- TC16_ANDROID_BROWSER_ValidateLocationSearch_TestCase -->
  <testcase name="TC22_ANDROID_BROWSER_QA2_LoginLogout_TestCase" classname="com.testscripts.framework.TestChilisAndroidBrowser">
    <skipped/>
  </testcase> <!-- TC22_ANDROID_BROWSER_QA2_LoginLogout_TestCase -->
  <testcase name="TC29_ANDROID_BROWSER_QA2_DeliveryLaterTodayOrder_MCAUser_TestCase" classname="com.testscripts.framework.TestChilisAndroidBrowser">
    <skipped/>
  </testcase> <!-- TC29_ANDROID_BROWSER_QA2_DeliveryLaterTodayOrder_MCAUser_TestCase -->
  <testcase name="TC04_ANDROID_BROWSER_CarryOutLaterTodayOrder_MCAUser_TestCase" classname="com.testscripts.framework.TestChilisAndroidBrowser">
    <skipped/>
  </testcase> <!-- TC04_ANDROID_BROWSER_CarryOutLaterTodayOrder_MCAUser_TestCase -->
  <testcase name="TC06_ANDROID_BROWSER_CarryOutASAPOrder_MCAUser_TestCase" classname="com.testscripts.framework.TestChilisAndroidBrowser">
    <skipped/>
  </testcase> <!-- TC06_ANDROID_BROWSER_CarryOutASAPOrder_MCAUser_TestCase -->
  <testcase name="TC09_ANDROID_BROWSER_PlaceOrderWithRewards_TestCase" classname="com.testscripts.framework.TestChilisAndroidBrowser">
    <skipped/>
  </testcase> <!-- TC09_ANDROID_BROWSER_PlaceOrderWithRewards_TestCase -->
  <testcase name="TC30_ANDROID_BROWSER_QA2_PlaceOrderWithRewards_TestCase" classname="com.testscripts.framework.TestChilisAndroidBrowser">
    <skipped/>
  </testcase> <!-- TC30_ANDROID_BROWSER_QA2_PlaceOrderWithRewards_TestCase -->
  <testcase name="TC39_ANDROID_BROWSER_QA2_UpdateMyAccount_TestCase" classname="com.testscripts.framework.TestChilisAndroidBrowser">
    <skipped/>
  </testcase> <!-- TC39_ANDROID_BROWSER_QA2_UpdateMyAccount_TestCase -->
  <testcase name="TC19_ANDROID_BROWSER_CurbsideCustomizationOrder_MCAUser_TestCase" classname="com.testscripts.framework.TestChilisAndroidBrowser">
    <skipped/>
  </testcase> <!-- TC19_ANDROID_BROWSER_CurbsideCustomizationOrder_MCAUser_TestCase -->
  <testcase name="TC31_ANDROID_BROWSER_QA2_Reorder_TestCase" classname="com.testscripts.framework.TestChilisAndroidBrowser">
    <skipped/>
  </testcase> <!-- TC31_ANDROID_BROWSER_QA2_Reorder_TestCase -->
  <testcase name="TC24_ANDROID_BROWSER_QA2_CurbsideASAPorder_MCAUser_TestCase" classname="com.testscripts.framework.TestChilisAndroidBrowser">
    <skipped/>
  </testcase> <!-- TC24_ANDROID_BROWSER_QA2_CurbsideASAPorder_MCAUser_TestCase -->
  <testcase name="TC08_ANDROID_BROWSER_DeliveryLaterTodayOrder_MCAUser_TestCase" classname="com.testscripts.framework.TestChilisAndroidBrowser">
    <skipped/>
  </testcase> <!-- TC08_ANDROID_BROWSER_DeliveryLaterTodayOrder_MCAUser_TestCase -->
  <testcase name="TC17_ANDROID_BROWSER_ValidateFavouriteItems_TestCase" classname="com.testscripts.framework.TestChilisAndroidBrowser">
    <skipped/>
  </testcase> <!-- TC17_ANDROID_BROWSER_ValidateFavouriteItems_TestCase -->
  <testcase name="TC26_ANDROID_BROWSER_QA2_CurbSideLaterTodayOrder_MCAUser_TestCase" classname="com.testscripts.framework.TestChilisAndroidBrowser">
    <skipped/>
  </testcase> <!-- TC26_ANDROID_BROWSER_QA2_CurbSideLaterTodayOrder_MCAUser_TestCase -->
</testsuite> <!-- com.testscripts.framework.TestChilisIOSBrowser -->
